Start testing: Aug 10 12:15 IST
----------------------------------------------------------
1/13 Testing: config_schema_test
1/13 Test: config_schema_test
Command: "/Users/admin/Documents/myapp/datastorage/build/config_schema_test"
Directory: /Users/admin/Documents/myapp/datastorage/build
"config_schema_test" start time: Aug 10 12:15 IST
Output:
----------------------------------------------------------
<end of output>
Test time =   0.00 sec
----------------------------------------------------------
Test Passed.
"config_schema_test" end time: Aug 10 12:15 IST
"config_schema_test" time elapsed: 00:00:00
----------------------------------------------------------

2/13 Testing: record_parser_test
2/13 Test: record_parser_test
Command: "/Users/admin/Documents/myapp/datastorage/build/record_parser_test"
Directory: /Users/admin/Documents/myapp/datastorage/build
"record_parser_test" start time: Aug 10 12:15 IST
Output:
----------------------------------------------------------
<end of output>
Test time =   0.00 sec
----------------------------------------------------------
Test Passed.
"record_parser_test" end time: Aug 10 12:15 IST
"record_parser_test" time elapsed: 00:00:00
----------------------------------------------------------

3/13 Testing: partitioner_test
3/13 Test: partitioner_test
Command: "/Users/admin/Documents/myapp/datastorage/build/partitioner_test"
Directory: /Users/admin/Documents/myapp/datastorage/build
"partitioner_test" start time: Aug 10 12:15 IST
Output:
----------------------------------------------------------
<end of output>
Test time =   0.00 sec
----------------------------------------------------------
Test Passed.
"partitioner_test" end time: Aug 10 12:15 IST
"partitioner_test" time elapsed: 00:00:00
----------------------------------------------------------

4/13 Testing: store_test
4/13 Test: store_test
Command: "/Users/admin/Documents/myapp/datastorage/build/store_test"
Directory: /Users/admin/Documents/myapp/datastorage/build
"store_test" start time: Aug 10 12:15 IST
Output:
----------------------------------------------------------
<end of output>
Test time =   0.00 sec
----------------------------------------------------------
Test Passed.
"store_test" end time: Aug 10 12:15 IST
"store_test" time elapsed: 00:00:00
----------------------------------------------------------

5/13 Testing: serializer_test
5/13 Test: serializer_test
Command: "/Users/admin/Documents/myapp/datastorage/build/serializer_test"
Directory: /Users/admin/Documents/myapp/datastorage/build
"serializer_test" start time: Aug 10 12:15 IST
Output:
----------------------------------------------------------
<end of output>
Test time =   0.00 sec
----------------------------------------------------------
Test Passed.
"serializer_test" end time: Aug 10 12:15 IST
"serializer_test" time elapsed: 00:00:00
----------------------------------------------------------

6/13 Testing: transport_test
6/13 Test: transport_test
Command: "/Users/admin/Documents/myapp/datastorage/build/transport_test"
Directory: /Users/admin/Documents/myapp/datastorage/build
"transport_test" start time: Aug 10 12:15 IST
Output:
----------------------------------------------------------
<end of output>
Test time =   0.00 sec
----------------------------------------------------------
Test Passed.
"transport_test" end time: Aug 10 12:15 IST
"transport_test" time elapsed: 00:00:00
----------------------------------------------------------

7/13 Testing: loader_test
7/13 Test: loader_test
Command: "/Users/admin/Documents/myapp/datastorage/build/loader_test"
Directory: /Users/admin/Documents/myapp/datastorage/build
"loader_test" start time: Aug 10 12:15 IST
Output:
----------------------------------------------------------
<end of output>
Test time =   0.01 sec
----------------------------------------------------------
Test Passed.
"loader_test" end time: Aug 10 12:15 IST
"loader_test" time elapsed: 00:00:00
----------------------------------------------------------

8/13 Testing: statistics_test
8/13 Test: statistics_test
Command: "/Users/admin/Documents/myapp/datastorage/build/statistics_test"
Directory: /Users/admin/Documents/myapp/datastorage/build
"statistics_test" start time: Aug 10 12:15 IST
Output:
----------------------------------------------------------
<end of output>
Test time =   0.00 sec
----------------------------------------------------------
Test Passed.
"statistics_test" end time: Aug 10 12:15 IST
"statistics_test" time elapsed: 00:00:00
----------------------------------------------------------

9/13 Testing: verification_test
9/13 Test: verification_test
Command: "/Users/admin/Documents/myapp/datastorage/build/verification_test"
Directory: /Users/admin/Documents/myapp/datastorage/build
"verification_test" start time: Aug 10 12:15 IST
Output:
----------------------------------------------------------
<end of output>
Test time =   0.00 sec
----------------------------------------------------------
Test Passed.
"verification_test" end time: Aug 10 12:15 IST
"verification_test" time elapsed: 00:00:00
----------------------------------------------------------

10/13 Testing: unit_loader_test
10/13 Test: unit_loader_test
Command: "/Users/admin/Documents/myapp/datastorage/build/unit_loader_test"
Directory: /Users/admin/Documents/myapp/datastorage/build
"unit_loader_test" start time: Aug 10 12:15 IST
Output:
----------------------------------------------------------
<end of output>
Test time =   0.00 sec
----------------------------------------------------------
Test Passed.
"unit_loader_test" end time: Aug 10 12:15 IST
"unit_loader_test" time elapsed: 00:00:00
----------------------------------------------------------

11/13 Testing: integration_e2e_test
11/13 Test: integration_e2e_test
Command: "/Users/admin/Documents/myapp/datastorage/build/integration_e2e_test"
Directory: /Users/admin/Documents/myapp/datastorage/build
"integration_e2e_test" start time: Aug 10 12:15 IST
Output:
----------------------------------------------------------
<end of output>
Test time =   0.01 sec
----------------------------------------------------------
Test Passed.
"integration_e2e_test" end time: Aug 10 12:15 IST
"integration_e2e_test" time elapsed: 00:00:00
----------------------------------------------------------

12/13 Testing: cli_verification_test
12/13 Test: cli_verification_test
Command: "/bin/bash" "-lc" "tmpdir=$(mktemp -d);         cat > "$tmpdir/cluster.ini" <<'EOF'
[cluster]
node_count=2

[node.1]
id=1
input_file=$tmpdir/node1.csv

[node.2]
id=2
input_file=$tmpdir/node2.csv
EOF
        cat > "$tmpdir/schema.ini" <<'EOF'
[schema]
key_field=id
field_count=2

[field.1]
name=id
type=int32

[field.2]
name=name
type=string
EOF
        printf '1,alice\n2,bob\n' > "$tmpdir/node1.csv";         printf '3,charlie\n4,dana\n' > "$tmpdir/node2.csv";         /Users/admin/Documents/myapp/datastorage/build/datastorage --cluster "$tmpdir/cluster.ini" --schema "$tmpdir/schema.ini" > "$tmpdir/output.txt";         grep -q 'Verification result:' "$tmpdir/output.txt";         grep -q 'Records checked:' "$tmpdir/output.txt";         grep -q 'Incorrect owner:' "$tmpdir/output.txt";         rm -rf "$tmpdir""
Directory: /Users/admin/Documents/myapp/datastorage/build
"cli_verification_test" start time: Aug 10 12:15 IST
Output:
----------------------------------------------------------
Initialization failed: Failed to open input file: $tmpdir/node1.csv
<end of output>
Test time =   0.04 sec
----------------------------------------------------------
Test Passed.
"cli_verification_test" end time: Aug 10 12:15 IST
"cli_verification_test" time elapsed: 00:00:00
----------------------------------------------------------

13/13 Testing: benchmark_100mb_test
13/13 Test: benchmark_100mb_test
Command: "/Users/admin/Documents/myapp/datastorage/build/benchmark_100mb_test"
Directory: /Users/admin/Documents/myapp/datastorage/build
"benchmark_100mb_test" start time: Aug 10 12:15 IST
Output:
----------------------------------------------------------
Benchmark data size target: 104857600 bytes
Records loaded: 4655644
Records stored: 3327822
Verification passed: yes
Elapsed ms: 19539
Records/sec: 238274
<end of output>
Test time =  22.08 sec
----------------------------------------------------------
Test Passed.
"benchmark_100mb_test" end time: Aug 10 12:16 IST
"benchmark_100mb_test" time elapsed: 00:00:22
----------------------------------------------------------

End testing: Aug 10 12:16 IST
